2025-11-06	07:26:54	a2f301aa-b629-4065-97b1-2c691fedd073	GET	undefined	/
2025-11-06	07:26:54	b8d519b8-1699-4ea7-a1a2-843b8511734f	GET	undefined	/css/styles.css
2025-11-06	07:26:54	6a63a806-8815-4b88-a6be-7f6b39b2d38c	GET	undefined	/img/favicon.jpg
2025-11-06	07:30:09	3ead65b1-0706-415d-ac64-8eacb60d23f5	GET	https://www.google.com	/
2025-11-06	07:36:49	b5e29b8c-1321-4f90-ba81-63275ef90c6b	GET	https://www.google.com	/
2025-11-06	07:41:02	4bedddb3-e346-4afc-93db-5bdca8e0a86d	GET	https://www.google.com	/
2025-11-06	07:41:32	6a0ca72f-8e37-461e-91a7-8531d1a30c07	GET	undefined	/
2025-11-06	07:41:32	ad36a7ef-eafc-4eda-ac65-946869cc7f37	GET	undefined	/.well-known/appspecific/com.chrome.devtools.json
2025-11-06	07:41:32	4621dbba-aac5-4196-a91f-ba9976e08630	GET	undefined	/css/styles.css
2025-11-06	07:41:32	9e4ab1f4-25d1-42da-9877-2146e2a24589	GET	undefined	/img/favicon.jpg
2025-11-06	07:41:37	2cba0055-0b4e-47e5-927d-8f835c6c3607	GET	undefined	/
2025-11-06	07:42:58	b4faaa9f-8a5d-42c7-a2ca-06a8191a5bb4	GET	undefined	/
2025-11-06	07:42:58	5135b7dc-567f-4b42-b2de-d8d7a02c44e4	GET	undefined	/.well-known/appspecific/com.chrome.devtools.json
2025-11-06	07:42:58	f9ea029d-9718-4592-99bc-c4e947fef831	GET	undefined	/css/styles.css
2025-11-06	07:42:58	2e27da13-618c-4795-a68f-aa5446b38b33	GET	undefined	/img/favicon.jpg
2025-11-06	07:43:02	9354a5e9-cbc8-4787-b9f2-b75ec5030b6d	GET	undefined	/
2025-11-06	07:43:08	25e1be4c-0485-4ba1-9b4f-87c85dec9f0b	GET	undefined	/
2025-11-06	07:43:08	1fdc201b-f372-4c7a-a07a-5dc95ec44873	GET	undefined	/css/styles.css
2025-11-06	07:43:08	095bad16-b6d7-4ef5-becb-dea72800a85a	GET	undefined	/img/favicon.jpg
2025-11-06	07:48:23	5e908265-dee0-4ace-84e6-f1c7c4d5d60e	GET	undefined	/
2025-11-06	07:48:23	1e2b0c06-73c4-4689-a5cc-b56e97e6bfc1	GET	undefined	/css/styles.css
2025-11-06	07:48:23	45261fa8-85c0-4d75-9630-5dd6389abd82	GET	undefined	/img/favicon.jpg
2025-11-06	07:53:28	2ca10ca0-8f4a-4063-a5b0-05a79419fe5a	GET	undefined	/anna
2025-11-06	18:18:43	55a66837-94cf-4963-9d57-dbfb5b146ddd	GET	undefined	/anna
2025-11-06	18:18:46	b3b1a167-efc4-4311-892b-0adb3139a50c	GET	undefined	/
2025-11-06	18:18:46	f30aa1e3-dba5-43b6-8e87-b709d84832d4	GET	undefined	/css/styles.css
2025-11-06	18:18:46	2ac4d952-3e6d-45e7-80cc-ba49dc2ecb36	GET	undefined	/img/favicon.jpg
2025-11-06	18:19:20	eaed31e5-cff3-4b23-8019-858ec36d3cb1	GET	undefined	/bo
2025-11-06	18:23:51	9e91e40c-0ed0-464c-9a6f-187b50b8e9a0	GET	undefined	/bo
2025-11-06	18:23:52	3470b5be-a4cb-4f26-a88a-62c0868d1a8d	GET	undefined	/bo
2025-11-06	18:23:54	918df371-77eb-4563-89ab-b3fc7a92a901	GET	undefined	/
2025-11-06	18:23:54	d387de81-7f93-44ea-badb-87497a86a6eb	GET	undefined	/css/styles.css
2025-11-06	18:23:54	d39744bf-6d40-4562-9cf8-ad373a08e111	GET	undefined	/img/favicon.jpg
2025-11-06	18:24:03	7ee7269a-d341-4e99-a74f-64ef678087ec	GET	undefined	/big
2025-11-06	18:27:18	98f80e26-7f9e-4d27-b2b2-fa576ca4e8f3	GET	undefined	/big
2025-11-06	18:27:18	81c0e74b-77ea-40b9-a47c-00234548bee6	GET	undefined	/css/styles.css
2025-11-06	18:28:30	e16beebb-d1be-4ce8-85d5-c34a3099e117	GET	undefined	/big
2025-11-06	18:28:30	d32d4753-520a-4a82-a341-d050c6c6a710	GET	undefined	/css/styles.css
2025-11-06	18:46:08	348cdd3c-db44-4cf9-8b66-b4df055d4e34	GET	undefined	/big/small
2025-11-06	18:46:08	fbb94aba-679d-4345-8c89-79920179ee78	GET	undefined	/big/css/styles.css
2025-11-06	18:47:53	19784c37-b2d2-42d4-9885-6d101a419526	GET	undefined	/big/small
2025-11-06	18:47:53	de2a498b-d9dd-4995-aeb3-4e9dc35359cc	GET	undefined	/big/css/styles.css
2025-11-06	18:48:27	c1d237fc-9948-48ea-806d-800b4fde21f9	GET	undefined	/big/small
2025-11-06	18:48:27	9048806b-f2e1-4f50-86c5-f7b39cbc6321	GET	undefined	/big/css/styles.css
2025-11-06	18:48:28	4366fc8b-ef6e-4bef-bb7f-5d7ed9d9a69b	GET	undefined	/big/small
2025-11-06	18:48:28	4a448001-1c9e-424f-9c78-8c0d6677fd4c	GET	undefined	/big/css/styles.css
2025-11-06	18:49:06	9a4f6b19-67a1-49cf-9ccd-2369f0a47b6b	GET	undefined	/subdir
2025-11-06	18:49:06	7ea77750-3785-4553-9869-d1090eba6fe0	GET	undefined	/subdir/
2025-11-06	18:49:06	dfefb044-8f0d-4525-b36c-de20b227f72a	GET	undefined	/subdir/css/styles.css
2025-11-06	18:49:40	a7bdca11-6261-4f8b-81b1-d1b46b9ccd5f	GET	undefined	/subdir/test
2025-11-06	18:49:45	b4211755-7704-4a74-a4ef-c1f2f47040e2	GET	undefined	/subdir/test
2025-11-06	18:50:06	8462ea59-7b90-4720-b34f-e0562f9799ce	GET	undefined	/subdir/test
2025-11-06	18:50:06	0b1d06ce-150a-4b36-84c9-f495c446c95b	GET	undefined	/subdir/css/styles.css
2025-11-06	18:51:40	182811b4-8f38-4b3c-b900-49017511f240	GET	undefined	/subdir/big
2025-11-06	18:51:40	e6bc1cce-0cea-403a-b6e7-8860f9982dc0	GET	undefined	/subdir/css/styles.css
2025-11-06	18:56:41	c222a83e-82ea-4e79-9272-ea4ffa6ecf22	GET	undefined	/
2025-11-06	18:56:41	1770ea9c-742a-436e-9d45-4cfc26b23c69	GET	undefined	/css/styles.css
2025-11-06	18:56:41	c3e23a3d-6dab-4838-a7bf-2ae54d3c8b70	GET	undefined	/img/favicon.jpg
2025-11-06	18:56:51	55e0e818-6ff4-406d-a8c1-d80f3530f80a	GET	undefined	/new-page
2025-11-06	18:56:51	7aab072c-5f71-41dd-a3f9-c86bc74154d7	GET	undefined	/css/styles.css
2025-11-06	18:57:01	62afc107-907d-4580-8aa7-d4e846968a85	GET	undefined	/old-page
2025-11-06	18:57:01	51adbb45-1155-4678-8583-1ad046addab6	GET	undefined	/new-page
2025-11-06	18:57:01	8ee13f33-add2-4b33-883b-14f4b110523c	GET	undefined	/css/styles.css
2025-11-06	18:57:17	cd2d5853-5c0a-463d-9d8b-ba309e388881	GET	undefined	/index
2025-11-06	18:57:17	547c65a8-f3a7-4472-9e4a-ebe52b017757	GET	undefined	/css/styles.css
2025-11-07	05:55:33	ce7d1a92-97ca-4efe-b5b7-09caaaa5aa66	GET	undefined	/favicon.ico
